[training@localhost SongDoop]$ hadoop jar src/SongDoop.jar SongDoopDriver -Ddfs.client.read.shortcircuit=false 'MillionSongSubset/data/*/*/*' test_out7 MillionSongSubset/data/A/U/R/TRAURYF128F147805D.h5 MillionSongSubset/data/A/I/U/TRAIUSY12903CF0C92.h5
13/12/19 01:19:45 WARN mapred.JobClient: Use GenericOptionsParser for parsing the arguments. Applications should implement Tool for the same.
13/12/19 01:19:46 INFO input.FileInputFormat: Total input paths to process : 10000
13/12/19 01:19:54 INFO mapred.JobClient: Running job: job_201311290059_0013
13/12/19 01:19:55 INFO mapred.JobClient:  map 0% reduce 0%
13/12/19 01:20:14 INFO mapred.JobClient: Task Id : attempt_201311290059_0013_m_000000_0, Status : FAILED
Error: java.lang.ClassNotFoundException: ncsa.hdf.hdf5lib.exceptions.HDF5Exception
	at java.net.URLClassLoader$1.run(URLClassLoader.java:202)
	at java.security.AccessController.doPrivileged(Native Method)
	at java.net.URLClassLoader.findClass(URLClassLoader.java:190)
	at java.lang.ClassLoader.loadClass(ClassLoader.java:306)
	at sun.misc.Launcher$AppClassLoader.loadClass(Launcher.java:301)
	at java.lang.ClassLoader.loadClass(ClassLoader.java:247)
	at SongInfo.<init>(SongInfo.java:24)
	at SongWritable.<init>(SongWritable.java:15)
	at SongReader.nextKeyValue(SongReader.java:58)
	at org.apache.hadoop.mapred.MapTask$NewTrackingRecordReader.nextKeyValue(MapTask.java:458)
	at org.apache.hadoop.mapreduce.task.MapContextImpl.nextKeyValue(MapContextImpl.java:76)
	at org.apache.hadoop.mapreduce.lib.map.WrappedMapper$Context.nextKeyValue(WrappedMapper.java:85)
	at org.apache.hadoop.mapreduce.Mapper.run(Mapper.java:139)
	at org.apache.hadoop.mapred.MapTask.runNewMapper(MapTask.java:645)
	at org.apache.hadoop.mapred.MapTas
13/12/19 01:20:15 INFO mapred.JobClient: Task Id : attempt_201311290059_0013_m_000001_0, Status : FAILED
Error: java.lang.ClassNotFoundException: ncsa.hdf.hdf5lib.exceptions.HDF5Exception
	at java.net.URLClassLoader$1.run(URLClassLoader.java:202)
	at java.security.AccessController.doPrivileged(Native Method)
	at java.net.URLClassLoader.findClass(URLClassLoader.java:190)
	at java.lang.ClassLoader.loadClass(ClassLoader.java:306)
	at sun.misc.Launcher$AppClassLoader.loadClass(Launcher.java:301)
	at java.lang.ClassLoader.loadClass(ClassLoader.java:247)
	at SongInfo.<init>(SongInfo.java:24)
	at SongWritable.<init>(SongWritable.java:15)
	at SongReader.nextKeyValue(SongReader.java:58)
	at org.apache.hadoop.mapred.MapTask$NewTrackingRecordReader.nextKeyValue(MapTask.java:458)
	at org.apache.hadoop.mapreduce.task.MapContextImpl.nextKeyValue(MapContextImpl.java:76)
	at org.apache.hadoop.mapreduce.lib.map.WrappedMapper$Context.nextKeyValue(WrappedMapper.java:85)
	at org.apache.hadoop.mapreduce.Mapper.run(Mapper.java:139)
	at org.apache.hadoop.mapred.MapTask.runNewMapper(MapTask.java:645)
	at org.apache.hadoop.mapred.MapTas
13/12/19 01:20:24 INFO mapred.JobClient: Task Id : attempt_201311290059_0013_m_000000_1, Status : FAILED
Error: java.lang.ClassNotFoundException: ncsa.hdf.hdf5lib.exceptions.HDF5Exception
	at java.net.URLClassLoader$1.run(URLClassLoader.java:202)
	at java.security.AccessController.doPrivileged(Native Method)
	at java.net.URLClassLoader.findClass(URLClassLoader.java:190)
	at java.lang.ClassLoader.loadClass(ClassLoader.java:306)
	at sun.misc.Launcher$AppClassLoader.loadClass(Launcher.java:301)
	at java.lang.ClassLoader.loadClass(ClassLoader.java:247)
	at SongInfo.<init>(SongInfo.java:24)
	at SongWritable.<init>(SongWritable.java:15)
	at SongReader.nextKeyValue(SongReader.java:58)
	at org.apache.hadoop.mapred.MapTask$NewTrackingRecordReader.nextKeyValue(MapTask.java:458)
	at org.apache.hadoop.mapreduce.task.MapContextImpl.nextKeyValue(MapContextImpl.java:76)
	at org.apache.hadoop.mapreduce.lib.map.WrappedMapper$Context.nextKeyValue(WrappedMapper.java:85)
	at org.apache.hadoop.mapreduce.Mapper.run(Mapper.java:139)
	at org.apache.hadoop.mapred.MapTask.runNewMapper(MapTask.java:645)
	at org.apache.hadoop.mapred.MapTas
13/12/19 01:20:24 INFO mapred.JobClient: Task Id : attempt_201311290059_0013_m_000001_1, Status : FAILED
Error: java.lang.ClassNotFoundException: ncsa.hdf.hdf5lib.exceptions.HDF5Exception
	at java.net.URLClassLoader$1.run(URLClassLoader.java:202)
	at java.security.AccessController.doPrivileged(Native Method)
	at java.net.URLClassLoader.findClass(URLClassLoader.java:190)
	at java.lang.ClassLoader.loadClass(ClassLoader.java:306)
	at sun.misc.Launcher$AppClassLoader.loadClass(Launcher.java:301)
	at java.lang.ClassLoader.loadClass(ClassLoader.java:247)
	at SongInfo.<init>(SongInfo.java:24)
	at SongWritable.<init>(SongWritable.java:15)
	at SongReader.nextKeyValue(SongReader.java:58)
	at org.apache.hadoop.mapred.MapTask$NewTrackingRecordReader.nextKeyValue(MapTask.java:458)
	at org.apache.hadoop.mapreduce.task.MapContextImpl.nextKeyValue(MapContextImpl.java:76)
	at org.apache.hadoop.mapreduce.lib.map.WrappedMapper$Context.nextKeyValue(WrappedMapper.java:85)
	at org.apache.hadoop.mapreduce.Mapper.run(Mapper.java:139)
	at org.apache.hadoop.mapred.MapTask.runNewMapper(MapTask.java:645)
	at org.apache.hadoop.mapred.MapTas
13/12/19 01:20:35 INFO mapred.JobClient: Task Id : attempt_201311290059_0013_m_000000_2, Status : FAILED
Error: java.lang.ClassNotFoundException: ncsa.hdf.hdf5lib.exceptions.HDF5Exception
	at java.net.URLClassLoader$1.run(URLClassLoader.java:202)
	at java.security.AccessController.doPrivileged(Native Method)
	at java.net.URLClassLoader.findClass(URLClassLoader.java:190)
	at java.lang.ClassLoader.loadClass(ClassLoader.java:306)
	at sun.misc.Launcher$AppClassLoader.loadClass(Launcher.java:301)
	at java.lang.ClassLoader.loadClass(ClassLoader.java:247)
	at SongInfo.<init>(SongInfo.java:24)
	at SongWritable.<init>(SongWritable.java:15)
	at SongReader.nextKeyValue(SongReader.java:58)
	at org.apache.hadoop.mapred.MapTask$NewTrackingRecordReader.nextKeyValue(MapTask.java:458)
	at org.apache.hadoop.mapreduce.task.MapContextImpl.nextKeyValue(MapContextImpl.java:76)
	at org.apache.hadoop.mapreduce.lib.map.WrappedMapper$Context.nextKeyValue(WrappedMapper.java:85)
	at org.apache.hadoop.mapreduce.Mapper.run(Mapper.java:139)
	at org.apache.hadoop.mapred.MapTask.runNewMapper(MapTask.java:645)
	at org.apache.hadoop.mapred.MapTas
13/12/19 01:20:37 INFO mapred.JobClient: Task Id : attempt_201311290059_0013_m_000001_2, Status : FAILED
Error: java.lang.ClassNotFoundException: ncsa.hdf.hdf5lib.exceptions.HDF5Exception
	at java.net.URLClassLoader$1.run(URLClassLoader.java:202)
	at java.security.AccessController.doPrivileged(Native Method)
	at java.net.URLClassLoader.findClass(URLClassLoader.java:190)
	at java.lang.ClassLoader.loadClass(ClassLoader.java:306)
	at sun.misc.Launcher$AppClassLoader.loadClass(Launcher.java:301)
	at java.lang.ClassLoader.loadClass(ClassLoader.java:247)
	at SongInfo.<init>(SongInfo.java:24)
	at SongWritable.<init>(SongWritable.java:15)
	at SongReader.nextKeyValue(SongReader.java:58)
	at org.apache.hadoop.mapred.MapTask$NewTrackingRecordReader.nextKeyValue(MapTask.java:458)
	at org.apache.hadoop.mapreduce.task.MapContextImpl.nextKeyValue(MapContextImpl.java:76)
	at org.apache.hadoop.mapreduce.lib.map.WrappedMapper$Context.nextKeyValue(WrappedMapper.java:85)
	at org.apache.hadoop.mapreduce.Mapper.run(Mapper.java:139)
	at org.apache.hadoop.mapred.MapTask.runNewMapper(MapTask.java:645)
	at org.apache.hadoop.mapred.MapTas
13/12/19 01:20:47 INFO mapred.JobClient: Job complete: job_201311290059_0013
13/12/19 01:20:47 INFO mapred.JobClient: Counters: 7
13/12/19 01:20:47 INFO mapred.JobClient:   Job Counters 
13/12/19 01:20:47 INFO mapred.JobClient:     Failed map tasks=1
13/12/19 01:20:47 INFO mapred.JobClient:     Launched map tasks=8
13/12/19 01:20:47 INFO mapred.JobClient:     Data-local map tasks=8
13/12/19 01:20:47 INFO mapred.JobClient:     Total time spent by all maps in occupied slots (ms)=39524
13/12/19 01:20:47 INFO mapred.JobClient:     Total time spent by all reduces in occupied slots (ms)=0
13/12/19 01:20:47 INFO mapred.JobClient:     Total time spent by all maps waiting after reserving slots (ms)=0
13/12/19 01:20:47 INFO mapred.JobClient:     Total time spent by all reduces waiting after reserving slots (ms)=0
