[training@localhost SongDoop]$ ./run.sh 
13/12/22 16:32:55 WARN mapred.JobClient: Use GenericOptionsParser for parsing the arguments. Applications should implement Tool for the same.
13/12/22 16:32:56 INFO input.FileInputFormat: Total input paths to process : 10000
13/12/22 16:33:01 INFO mapred.JobClient: Running job: job_201311290059_0017
13/12/22 16:33:02 INFO mapred.JobClient:  map 0% reduce 0%
13/12/22 16:37:23 INFO mapred.JobClient:  map 1% reduce 0%
13/12/22 16:41:43 INFO mapred.JobClient:  map 2% reduce 0%
13/12/22 16:45:53 INFO mapred.JobClient:  map 3% reduce 0%
13/12/22 16:50:03 INFO mapred.JobClient:  map 4% reduce 0%
13/12/22 16:54:22 INFO mapred.JobClient:  map 5% reduce 0%
13/12/22 16:54:39 INFO mapred.JobClient:  map 5% reduce 1%
13/12/22 16:58:45 INFO mapred.JobClient:  map 6% reduce 1%
13/12/22 16:58:50 INFO mapred.JobClient:  map 6% reduce 2%
13/12/22 17:02:56 INFO mapred.JobClient:  map 7% reduce 2%
13/12/22 17:07:13 INFO mapred.JobClient:  map 8% reduce 2%
13/12/22 17:11:29 INFO mapred.JobClient:  map 9% reduce 2%
13/12/22 17:11:31 INFO mapred.JobClient:  map 9% reduce 3%
13/12/22 17:15:37 INFO mapred.JobClient:  map 10% reduce 3%
13/12/22 17:20:00 INFO mapred.JobClient:  map 11% reduce 3%
13/12/22 17:24:09 INFO mapred.JobClient:  map 12% reduce 3%
13/12/22 17:24:15 INFO mapred.JobClient:  map 12% reduce 4%
13/12/22 17:28:21 INFO mapred.JobClient:  map 13% reduce 4%
13/12/22 17:32:39 INFO mapred.JobClient:  map 14% reduce 4%
13/12/22 17:36:49 INFO mapred.JobClient:  map 15% reduce 4%
13/12/22 17:36:59 INFO mapred.JobClient:  map 15% reduce 5%
13/12/22 17:41:03 INFO mapred.JobClient:  map 16% reduce 5%
13/12/22 17:45:12 INFO mapred.JobClient:  map 17% reduce 5%
13/12/22 17:49:25 INFO mapred.JobClient:  map 18% reduce 5%
13/12/22 17:49:31 INFO mapred.JobClient:  map 18% reduce 6%
13/12/22 17:53:39 INFO mapred.JobClient:  map 19% reduce 6%
13/12/22 17:57:53 INFO mapred.JobClient:  map 20% reduce 6%
13/12/22 18:02:18 INFO mapred.JobClient:  map 21% reduce 6%
13/12/22 18:02:25 INFO mapred.JobClient:  map 21% reduce 7%
13/12/22 18:06:36 INFO mapred.JobClient:  map 22% reduce 7%
13/12/22 18:10:50 INFO mapred.JobClient:  map 23% reduce 7%
13/12/22 18:15:09 INFO mapred.JobClient:  map 24% reduce 7%
13/12/22 18:15:15 INFO mapred.JobClient:  map 24% reduce 8%
13/12/22 18:19:28 INFO mapred.JobClient:  map 25% reduce 8%
13/12/22 18:23:45 INFO mapred.JobClient:  map 26% reduce 8%
13/12/22 18:28:00 INFO mapred.JobClient:  map 27% reduce 8%
13/12/22 18:28:03 INFO mapred.JobClient:  map 27% reduce 9%
13/12/22 18:32:11 INFO mapred.JobClient:  map 28% reduce 9%
13/12/22 18:36:28 INFO mapred.JobClient:  map 29% reduce 9%
13/12/22 18:40:53 INFO mapred.JobClient:  map 30% reduce 9%
13/12/22 18:41:25 INFO mapred.JobClient:  map 30% reduce 10%
13/12/22 18:45:22 INFO mapred.JobClient:  map 31% reduce 10%
13/12/22 18:49:39 INFO mapred.JobClient:  map 32% reduce 10%
13/12/22 18:53:59 INFO mapred.JobClient:  map 33% reduce 10%
13/12/22 18:54:00 INFO mapred.JobClient:  map 33% reduce 11%
13/12/22 18:58:17 INFO mapred.JobClient:  map 34% reduce 11%
13/12/22 19:02:33 INFO mapred.JobClient:  map 35% reduce 11%
13/12/22 19:06:46 INFO mapred.JobClient:  map 36% reduce 11%
13/12/22 19:06:52 INFO mapred.JobClient:  map 36% reduce 12%
13/12/22 19:11:06 INFO mapred.JobClient:  map 37% reduce 12%
13/12/22 19:15:36 INFO mapred.JobClient:  map 38% reduce 12%
13/12/22 19:20:12 INFO mapred.JobClient:  map 39% reduce 12%
13/12/22 19:20:13 INFO mapred.JobClient:  map 39% reduce 13%
13/12/22 19:24:50 INFO mapred.JobClient:  map 40% reduce 13%
13/12/22 19:29:21 INFO mapred.JobClient:  map 41% reduce 13%
13/12/22 19:33:35 INFO mapred.JobClient:  map 42% reduce 13%
13/12/22 19:33:40 INFO mapred.JobClient:  map 42% reduce 14%
13/12/22 19:37:51 INFO mapred.JobClient:  map 43% reduce 14%
13/12/22 19:42:12 INFO mapred.JobClient:  map 44% reduce 14%
13/12/22 19:46:28 INFO mapred.JobClient:  map 45% reduce 15%
13/12/22 19:50:51 INFO mapred.JobClient:  map 46% reduce 15%
13/12/22 19:55:32 INFO mapred.JobClient:  map 47% reduce 15%
13/12/22 20:00:15 INFO mapred.JobClient:  map 48% reduce 15%
13/12/22 20:00:17 INFO mapred.JobClient:  map 48% reduce 16%
13/12/22 20:05:05 INFO mapred.JobClient:  map 49% reduce 16%
13/12/22 20:09:54 INFO mapred.JobClient:  map 50% reduce 16%
13/12/22 20:14:51 INFO mapred.JobClient:  map 51% reduce 16%
13/12/22 20:14:57 INFO mapred.JobClient:  map 51% reduce 17%
13/12/22 20:19:38 INFO mapred.JobClient:  map 52% reduce 17%
13/12/22 20:24:26 INFO mapred.JobClient:  map 53% reduce 17%
13/12/22 20:29:10 INFO mapred.JobClient:  map 54% reduce 17%
13/12/22 20:29:11 INFO mapred.JobClient:  map 54% reduce 18%
13/12/22 20:33:57 INFO mapred.JobClient:  map 55% reduce 18%
13/12/22 20:38:48 INFO mapred.JobClient:  map 56% reduce 18%
13/12/22 20:43:40 INFO mapred.JobClient:  map 57% reduce 19%
13/12/22 20:48:33 INFO mapred.JobClient:  map 58% reduce 19%
13/12/22 20:53:28 INFO mapred.JobClient:  map 59% reduce 19%
13/12/22 20:58:20 INFO mapred.JobClient:  map 60% reduce 19%
13/12/22 20:58:47 INFO mapred.JobClient:  map 60% reduce 20%
13/12/22 21:03:17 INFO mapred.JobClient:  map 61% reduce 20%
13/12/22 21:08:10 INFO mapred.JobClient:  map 62% reduce 20%
13/12/22 21:13:01 INFO mapred.JobClient:  map 62% reduce 21%
13/12/22 21:13:07 INFO mapred.JobClient:  map 63% reduce 21%
13/12/22 21:18:14 INFO mapred.JobClient:  map 64% reduce 21%
13/12/22 21:24:09 INFO mapred.JobClient:  map 65% reduce 21%
13/12/22 21:28:55 INFO mapred.JobClient: Task Id : attempt_201311290059_0017_m_006542_0, Status : FAILED
13/12/22 21:29:01 WARN mapred.JobClient: Error reading task outputhttp://localhost.localdomain:50060/tasklog?plaintext=true&attemptid=attempt_201311290059_0017_m_006542_0&filter=stdout
13/12/22 21:29:01 WARN mapred.JobClient: Error reading task outputhttp://localhost.localdomain:50060/tasklog?plaintext=true&attemptid=attempt_201311290059_0017_m_006542_0&filter=stderr
13/12/22 21:29:51 INFO mapred.JobClient: Task Id : attempt_201311290059_0017_m_006541_0, Status : FAILED
Task attempt_201311290059_0017_m_006541_0 failed to report status for 60 seconds. Killing!
13/12/22 21:30:33 INFO mapred.JobClient: Task Id : attempt_201311290059_0017_m_006543_0, Status : FAILED
13/12/22 21:30:34 WARN mapred.JobClient: Error reading task outputhttp://localhost.localdomain:50060/tasklog?plaintext=true&attemptid=attempt_201311290059_0017_m_006543_0&filter=stdout
13/12/22 21:30:36 WARN mapred.JobClient: Error reading task outputhttp://localhost.localdomain:50060/tasklog?plaintext=true&attemptid=attempt_201311290059_0017_m_006543_0&filter=stderr
13/12/22 21:30:50 INFO mapred.JobClient: Task Id : attempt_201311290059_0017_m_006541_1, Status : FAILED
java.lang.Throwable: Child Error
	at org.apache.hadoop.mapred.TaskRunner.run(TaskRunner.java:250)
Caused by: java.lang.OutOfMemoryError: Java heap space
	at java.util.Arrays.copyOfRange(Arrays.java:3209)
	at java.lang.String.<init>(String.java:215)
	at com.sun.org.apache.xerces.internal.xni.XMLString.toString(XMLString.java:185)
	at com.sun.org.apache.xerces.internal.parsers.AbstractDOMParser.characters(AbstractDOMParser.java:1188)
	at com.sun.org.apache.xerces.internal.xinclude.XIncludeHandler.characters(XIncludeHandler.java:1084)
	at com.sun.org.apache.xerces.internal.impl.XMLDocumentFragmentScannerImpl.scanDocument(XMLDocumentFragmentScannerImpl.java:464)
	at com.sun.org.apache.xerces.internal.parsers.XML11Configuration.parse(XML11Configuration.java:808)
	at com.sun.org.apache.xerces.internal.parsers.XML11Configuration.parse(XML11Configuration.java:737)
	at com.sun.org.apache.xerces.internal.parsers.XMLParser.parse(XMLParser.java:119)
	at com.sun.org.apache.xerces.internal.parsers.DOMParser.parse(DOMParser
13/12/22 21:30:51 WARN mapred.JobClient: Error reading task outputhttp://localhost.localdomain:50060/tasklog?plaintext=true&attemptid=attempt_201311290059_0017_m_006541_1&filter=stdout
13/12/22 21:30:52 WARN mapred.JobClient: Error reading task outputhttp://localhost.localdomain:50060/tasklog?plaintext=true&attemptid=attempt_201311290059_0017_m_006541_1&filter=stderr
13/12/22 21:30:53 INFO mapred.JobClient: Task Id : attempt_201311290059_0017_m_006543_1, Status : FAILED
13/12/22 21:30:54 WARN mapred.JobClient: Error reading task outputhttp://localhost.localdomain:50060/tasklog?plaintext=true&attemptid=attempt_201311290059_0017_m_006543_1&filter=stdout
13/12/22 21:31:00 WARN mapred.JobClient: Error reading task outputhttp://localhost.localdomain:50060/tasklog?plaintext=true&attemptid=attempt_201311290059_0017_m_006543_1&filter=stderr
^C[training@localhost SongDoop]$ 
