[training@localhost SongDoop]$ hadoop jar src/SongDoop.jar SongDoopDriver MillionSongSubset test_out7 MillionSongSubset/data/A/U/R/TRAURYF128F147805D.h5 MillionSongSubset/data/A/I/U/TRAIUSY12903CF0C92.h5
13/12/18 00:31:30 WARN mapred.JobClient: Use GenericOptionsParser for parsing the arguments. Applications should implement Tool for the same.
13/12/18 00:31:30 INFO input.FileInputFormat: Total input paths to process : 2
13/12/18 00:31:30 INFO mapred.JobClient: Cleaning up the staging area hdfs://0.0.0.0:8020/var/lib/hadoop-hdfs/cache/mapred/mapred/staging/training/.staging/job_201311290059_0009
13/12/18 00:31:30 ERROR security.UserGroupInformation: PriviledgedActionException as:training (auth:SIMPLE) cause:java.io.FileNotFoundException: File does not exist: /user/training/MillionSongSubset/AdditionalFiles
	at org.apache.hadoop.hdfs.server.namenode.FSNamesystem.getBlockLocationsUpdateTimes(FSNamesystem.java:1239)
	at org.apache.hadoop.hdfs.server.namenode.FSNamesystem.getBlockLocationsInt(FSNamesystem.java:1192)
	at org.apache.hadoop.hdfs.server.namenode.FSNamesystem.getBlockLocations(FSNamesystem.java:1165)
	at org.apache.hadoop.hdfs.server.namenode.FSNamesystem.getBlockLocations(FSNamesystem.java:1147)
	at org.apache.hadoop.hdfs.server.namenode.NameNodeRpcServer.getBlockLocations(NameNodeRpcServer.java:383)
	at org.apache.hadoop.hdfs.protocolPB.ClientNamenodeProtocolServerSideTranslatorPB.getBlockLocations(ClientNamenodeProtocolServerSideTranslatorPB.java:170)
	at org.apache.hadoop.hdfs.protocol.proto.ClientNamenodeProtocolProtos$ClientNamenodeProtocol$2.callBlockingMethod(ClientNamenodeProtocolProtos.java:44064)
	at org.apache.hadoop.ipc.ProtobufRpcEngine$Server$ProtoBufRpcInvoker.call(ProtobufRpcEngine.java:453)
	at org.apache.hadoop.ipc.RPC$Server.call(RPC.java:898)
	at org.apache.hadoop.ipc.Server$Handler$1.run(Server.java:1693)
	at org.apache.hadoop.ipc.Server$Handler$1.run(Server.java:1689)
	at java.security.AccessController.doPrivileged(Native Method)
	at javax.security.auth.Subject.doAs(Subject.java:396)
	at org.apache.hadoop.security.UserGroupInformation.doAs(UserGroupInformation.java:1332)
	at org.apache.hadoop.ipc.Server$Handler.run(Server.java:1687)

Exception in thread "main" java.io.FileNotFoundException: File does not exist: /user/training/MillionSongSubset/AdditionalFiles
	at org.apache.hadoop.hdfs.server.namenode.FSNamesystem.getBlockLocationsUpdateTimes(FSNamesystem.java:1239)
	at org.apache.hadoop.hdfs.server.namenode.FSNamesystem.getBlockLocationsInt(FSNamesystem.java:1192)
	at org.apache.hadoop.hdfs.server.namenode.FSNamesystem.getBlockLocations(FSNamesystem.java:1165)
	at org.apache.hadoop.hdfs.server.namenode.FSNamesystem.getBlockLocations(FSNamesystem.java:1147)
	at org.apache.hadoop.hdfs.server.namenode.NameNodeRpcServer.getBlockLocations(NameNodeRpcServer.java:383)
	at org.apache.hadoop.hdfs.protocolPB.ClientNamenodeProtocolServerSideTranslatorPB.getBlockLocations(ClientNamenodeProtocolServerSideTranslatorPB.java:170)
	at org.apache.hadoop.hdfs.protocol.proto.ClientNamenodeProtocolProtos$ClientNamenodeProtocol$2.callBlockingMethod(ClientNamenodeProtocolProtos.java:44064)
	at org.apache.hadoop.ipc.ProtobufRpcEngine$Server$ProtoBufRpcInvoker.call(ProtobufRpcEngine.java:453)
	at org.apache.hadoop.ipc.RPC$Server.call(RPC.java:898)
	at org.apache.hadoop.ipc.Server$Handler$1.run(Server.java:1693)
	at org.apache.hadoop.ipc.Server$Handler$1.run(Server.java:1689)
	at java.security.AccessController.doPrivileged(Native Method)
	at javax.security.auth.Subject.doAs(Subject.java:396)
	at org.apache.hadoop.security.UserGroupInformation.doAs(UserGroupInformation.java:1332)
	at org.apache.hadoop.ipc.Server$Handler.run(Server.java:1687)

	at sun.reflect.NativeConstructorAccessorImpl.newInstance0(Native Method)
	at sun.reflect.NativeConstructorAccessorImpl.newInstance(NativeConstructorAccessorImpl.java:39)
	at sun.reflect.DelegatingConstructorAccessorImpl.newInstance(DelegatingConstructorAccessorImpl.java:27)
	at java.lang.reflect.Constructor.newInstance(Constructor.java:513)
	at org.apache.hadoop.ipc.RemoteException.instantiateException(RemoteException.java:90)
	at org.apache.hadoop.ipc.RemoteException.unwrapRemoteException(RemoteException.java:57)
	at org.apache.hadoop.hdfs.DFSClient.callGetBlockLocations(DFSClient.java:935)
	at org.apache.hadoop.hdfs.DFSClient.getLocatedBlocks(DFSClient.java:923)
	at org.apache.hadoop.hdfs.DFSClient.getBlockLocations(DFSClient.java:972)
	at org.apache.hadoop.hdfs.DistributedFileSystem.getFileBlockLocations(DistributedFileSystem.java:191)
	at org.apache.hadoop.hdfs.DistributedFileSystem.getFileBlockLocations(DistributedFileSystem.java:184)
	at org.apache.hadoop.mapreduce.lib.input.FileInputFormat.getSplits(FileInputFormat.java:253)
	at org.apache.hadoop.mapred.JobClient.writeNewSplits(JobClient.java:1014)
	at org.apache.hadoop.mapred.JobClient.writeSplits(JobClient.java:1031)
	at org.apache.hadoop.mapred.JobClient.access$600(JobClient.java:172)
	at org.apache.hadoop.mapred.JobClient$2.run(JobClient.java:943)
	at org.apache.hadoop.mapred.JobClient$2.run(JobClient.java:896)
	at java.security.AccessController.doPrivileged(Native Method)
	at javax.security.auth.Subject.doAs(Subject.java:396)
	at org.apache.hadoop.security.UserGroupInformation.doAs(UserGroupInformation.java:1332)
	at org.apache.hadoop.mapred.JobClient.submitJobInternal(JobClient.java:896)
	at org.apache.hadoop.mapreduce.Job.submit(Job.java:531)
	at org.apache.hadoop.mapreduce.Job.waitForCompletion(Job.java:561)
	at SongDoopDriver.run(SongDoopDriver.java:43)
	at org.apache.hadoop.util.ToolRunner.run(ToolRunner.java:70)
	at SongDoopDriver.main(SongDoopDriver.java:49)
	at sun.reflect.NativeMethodAccessorImpl.invoke0(Native Method)
	at sun.reflect.NativeMethodAccessorImpl.invoke(NativeMethodAccessorImpl.java:39)
	at sun.reflect.DelegatingMethodAccessorImpl.invoke(DelegatingMethodAccessorImpl.java:25)
	at java.lang.reflect.Method.invoke(Method.java:597)
	at org.apache.hadoop.util.RunJar.main(RunJar.java:208)
Caused by: org.apache.hadoop.ipc.RemoteException(java.io.FileNotFoundException): File does not exist: /user/training/MillionSongSubset/AdditionalFiles
	at org.apache.hadoop.hdfs.server.namenode.FSNamesystem.getBlockLocationsUpdateTimes(FSNamesystem.java:1239)
	at org.apache.hadoop.hdfs.server.namenode.FSNamesystem.getBlockLocationsInt(FSNamesystem.java:1192)
	at org.apache.hadoop.hdfs.server.namenode.FSNamesystem.getBlockLocations(FSNamesystem.java:1165)
	at org.apache.hadoop.hdfs.server.namenode.FSNamesystem.getBlockLocations(FSNamesystem.java:1147)
	at org.apache.hadoop.hdfs.server.namenode.NameNodeRpcServer.getBlockLocations(NameNodeRpcServer.java:383)
	at org.apache.hadoop.hdfs.protocolPB.ClientNamenodeProtocolServerSideTranslatorPB.getBlockLocations(ClientNamenodeProtocolServerSideTranslatorPB.java:170)
	at org.apache.hadoop.hdfs.protocol.proto.ClientNamenodeProtocolProtos$ClientNamenodeProtocol$2.callBlockingMethod(ClientNamenodeProtocolProtos.java:44064)
	at org.apache.hadoop.ipc.ProtobufRpcEngine$Server$ProtoBufRpcInvoker.call(ProtobufRpcEngine.java:453)
	at org.apache.hadoop.ipc.RPC$Server.call(RPC.java:898)
	at org.apache.hadoop.ipc.Server$Handler$1.run(Server.java:1693)
	at org.apache.hadoop.ipc.Server$Handler$1.run(Server.java:1689)
	at java.security.AccessController.doPrivileged(Native Method)
	at javax.security.auth.Subject.doAs(Subject.java:396)
	at org.apache.hadoop.security.UserGroupInformation.doAs(UserGroupInformation.java:1332)
	at org.apache.hadoop.ipc.Server$Handler.run(Server.java:1687)

	at org.apache.hadoop.ipc.Client.call(Client.java:1160)
	at org.apache.hadoop.ipc.ProtobufRpcEngine$Invoker.invoke(ProtobufRpcEngine.java:202)
	at $Proxy9.getBlockLocations(Unknown Source)
	at sun.reflect.NativeMethodAccessorImpl.invoke0(Native Method)
	at sun.reflect.NativeMethodAccessorImpl.invoke(NativeMethodAccessorImpl.java:39)
	at sun.reflect.DelegatingMethodAccessorImpl.invoke(DelegatingMethodAccessorImpl.java:25)
	at java.lang.reflect.Method.invoke(Method.java:597)
	at org.apache.hadoop.io.retry.RetryInvocationHandler.invokeMethod(RetryInvocationHandler.java:164)
	at org.apache.hadoop.io.retry.RetryInvocationHandler.invoke(RetryInvocationHandler.java:83)
	at $Proxy9.getBlockLocations(Unknown Source)
	at org.apache.hadoop.hdfs.protocolPB.ClientNamenodeProtocolTranslatorPB.getBlockLocations(ClientNamenodeProtocolTranslatorPB.java:154)
	at org.apache.hadoop.hdfs.DFSClient.callGetBlockLocations(DFSClient.java:933)
	... 24 more
[training@localhost SongDoop]$ 
